<?xml version="1.0" encoding="UTF-8"?>
<!-- Generated by org.testng.reporters.JUnitXMLReporter -->
<testsuite hostname="INHYNVPADIGELA1" ignored="0" name="Default test" tests="1" failures="0" timestamp="03 May 2018 11:47:18 GMT" time="0.029" errors="0">
  <testcase name="@BeforeSuite report" time="0.182" classname="reports.Utilities">
    <failure type="java.lang.NoClassDefFoundError" message="freemarker/template/TemplateException">
      <![CDATA[java.lang.NoClassDefFoundError: freemarker/template/TemplateException
	at com.relevantcodes.extentreports.ExtentReports.<init>(ExtentReports.java:78)
	at com.relevantcodes.extentreports.ExtentReports.<init>(ExtentReports.java:407)
	at reports.Utilities.report(Utilities.java:27)
	at sun.reflect.NativeMethodAccessorImpl.invoke0(Native Method)
	at sun.reflect.NativeMethodAccessorImpl.invoke(Unknown Source)
	at sun.reflect.DelegatingMethodAccessorImpl.invoke(Unknown Source)
	at java.lang.reflect.Method.invoke(Unknown Source)
	at org.testng.internal.MethodInvocationHelper.invokeMethod(MethodInvocationHelper.java:104)
	at org.testng.internal.Invoker.invokeConfigurationMethod(Invoker.java:513)
	at org.testng.internal.Invoker.invokeConfigurations(Invoker.java:217)
	at org.testng.internal.Invoker.invokeConfigurations(Invoker.java:144)
	at org.testng.SuiteRunner.privateRun(SuiteRunner.java:326)
	at org.testng.SuiteRunner.run(SuiteRunner.java:289)
	at org.testng.SuiteRunnerWorker.runSuite(SuiteRunnerWorker.java:52)
	at org.testng.SuiteRunnerWorker.run(SuiteRunnerWorker.java:86)
	at org.testng.TestNG.runSuitesSequentially(TestNG.java:1299)
	at org.testng.TestNG.runSuitesLocally(TestNG.java:1224)
	at org.testng.TestNG.runSuites(TestNG.java:1139)
	at org.testng.TestNG.run(TestNG.java:1110)
	at org.testng.remote.AbstractRemoteTestNG.run(AbstractRemoteTestNG.java:132)
	at org.testng.remote.RemoteTestNG.initAndRun(RemoteTestNG.java:236)
	at org.testng.remote.RemoteTestNG.main(RemoteTestNG.java:81)
Caused by: java.lang.ClassNotFoundException: freemarker.template.TemplateException
	at java.net.URLClassLoader.findClass(Unknown Source)
	at java.lang.ClassLoader.loadClass(Unknown Source)
	at sun.misc.Launcher$AppClassLoader.loadClass(Unknown Source)
	at java.lang.ClassLoader.loadClass(Unknown Source)
	... 22 more
]]>
    </failure>
  </testcase> <!-- @BeforeSuite report -->
  <testcase name="TitleTest" time="0.0" classname="reports.VeryTitle">
    <skipped/>
  </testcase> <!-- TitleTest -->
</testsuite> <!-- Default test -->
