<?xml version="1.0" encoding="UTF-8"?>
<!-- Generated by org.testng.reporters.JUnitXMLReporter -->
<testsuite hostname="INHYNVPADIGELA1" ignored="6" tests="0" failures="0" timestamp="20 Apr 2018 09:17:35 GMT" time="0.004" errors="0">
  <testcase name="f6" time="0.0" classname="testPack.First">
    <ignored/>
  </testcase> <!-- f6 -->
  <testcase name="f2" time="0.0" classname="testPack.First">
    <ignored/>
  </testcase> <!-- f2 -->
  <testcase name="f5" time="0.0" classname="testPack.First">
    <ignored/>
  </testcase> <!-- f5 -->
  <testcase name="f3" time="0.0" classname="testPack.First">
    <ignored/>
  </testcase> <!-- f3 -->
  <testcase name="f1" time="0.0" classname="testPack.First">
    <ignored/>
  </testcase> <!-- f1 -->
  <testcase name="f4" time="0.0" classname="testPack.First">
    <ignored/>
  </testcase> <!-- f4 -->
</testsuite>
